INFO:     Started server process [5842]
INFO:     Waiting for application startup.
INFO:     Application startup complete.
INFO:     Uvicorn running on http://0.0.0.0:8000 (Press CTRL+C to quit)
INFO:     127.0.0.1:56294 - "GET / HTTP/1.1" 200 OK
INFO:     127.0.0.1:60880 - "OPTIONS /api/tariff/chapters HTTP/1.1" 200 OK
INFO:     127.0.0.1:60880 - "GET /api/tariff/chapters HTTP/1.1" 500 Internal Server Error
ERROR:    Exception in ASGI application
  + Exception Group Traceback (most recent call last):
  |   File "/data/data/com.termux/files/usr/lib/python3.13/site-packages/starlette/_utils.py", line 77, in collapse_excgroups
  |     yield
  |   File "/data/data/com.termux/files/usr/lib/python3.13/site-packages/starlette/middleware/base.py", line 186, in __call__
  |     async with anyio.create_task_group() as task_group:
  |                ~~~~~~~~~~~~~~~~~~~~~~~^^
  |   File "/data/data/com.termux/files/usr/lib/python3.13/site-packages/anyio/_backends/_asyncio.py", line 799, in __aexit__
  |     raise BaseExceptionGroup(
  |         "unhandled errors in a TaskGroup", self._exceptions
  |     ) from None
  | ExceptionGroup: unhandled errors in a TaskGroup (1 sub-exception)
  +-+---------------- 1 ----------------
    | Traceback (most recent call last):
    |   File "/data/data/com.termux/files/usr/lib/python3.13/site-packages/uvicorn/protocols/http/httptools_impl.py", line 401, in run_asgi
    |     result = await app(  # type: ignore[func-returns-value]
    |              ^^^^^^^^^^^^^^^^^^^^^^^^^^^^^^^^^^^^^^^^^^^^^^
    |         self.scope, self.receive, self.send
    |         ^^^^^^^^^^^^^^^^^^^^^^^^^^^^^^^^^^^
    |     )
    |     ^
    |   File "/data/data/com.termux/files/usr/lib/python3.13/site-packages/uvicorn/middleware/proxy_headers.py", line 70, in __call__
    |     return await self.app(scope, receive, send)
    |            ^^^^^^^^^^^^^^^^^^^^^^^^^^^^^^^^^^^^
    |   File "/data/data/com.termux/files/usr/lib/python3.13/site-packages/fastapi/applications.py", line 1054, in __call__
    |     await super().__call__(scope, receive, send)
    |   File "/data/data/com.termux/files/usr/lib/python3.13/site-packages/starlette/applications.py", line 113, in __call__
    |     await self.middleware_stack(scope, receive, send)
    |   File "/data/data/com.termux/files/usr/lib/python3.13/site-packages/starlette/middleware/errors.py", line 187, in __call__
    |     raise exc
    |   File "/data/data/com.termux/files/usr/lib/python3.13/site-packages/starlette/middleware/errors.py", line 165, in __call__
    |     await self.app(scope, receive, _send)
    |   File "/data/data/com.termux/files/usr/lib/python3.13/site-packages/starlette/middleware/base.py", line 185, in __call__
    |     with collapse_excgroups():
    |          ~~~~~~~~~~~~~~~~~~^^
    |   File "/data/data/com.termux/files/usr/lib/python3.13/contextlib.py", line 162, in __exit__
    |     self.gen.throw(value)
    |     ~~~~~~~~~~~~~~^^^^^^^
    |   File "/data/data/com.termux/files/usr/lib/python3.13/site-packages/starlette/_utils.py", line 83, in collapse_excgroups
    |     raise exc
    |   File "/data/data/com.termux/files/usr/lib/python3.13/site-packages/starlette/middleware/base.py", line 187, in __call__
    |     response = await self.dispatch_func(request, call_next)
    |                ^^^^^^^^^^^^^^^^^^^^^^^^^^^^^^^^^^^^^^^^^^^^
    |   File "/data/data/com.termux/files/home/customs-tech/backend/app/main.py", line 25, in master_cors_middleware
    |     response = await call_next(request)
    |                ^^^^^^^^^^^^^^^^^^^^^^^^
    |   File "/data/data/com.termux/files/usr/lib/python3.13/site-packages/starlette/middleware/base.py", line 163, in call_next
    |     raise app_exc
    |   File "/data/data/com.termux/files/usr/lib/python3.13/site-packages/starlette/middleware/base.py", line 149, in coro
    |     await self.app(scope, receive_or_disconnect, send_no_error)
    |   File "/data/data/com.termux/files/usr/lib/python3.13/site-packages/starlette/middleware/exceptions.py", line 62, in __call__
    |     await wrap_app_handling_exceptions(self.app, conn)(scope, receive, send)
    |   File "/data/data/com.termux/files/usr/lib/python3.13/site-packages/starlette/_exception_handler.py", line 62, in wrapped_app
    |     raise exc
    |   File "/data/data/com.termux/files/usr/lib/python3.13/site-packages/starlette/_exception_handler.py", line 51, in wrapped_app
    |     await app(scope, receive, sender)
    |   File "/data/data/com.termux/files/usr/lib/python3.13/site-packages/starlette/routing.py", line 715, in __call__
    |     await self.middleware_stack(scope, receive, send)
    |   File "/data/data/com.termux/files/usr/lib/python3.13/site-packages/starlette/routing.py", line 735, in app
    |     await route.handle(scope, receive, send)
    |   File "/data/data/com.termux/files/usr/lib/python3.13/site-packages/starlette/routing.py", line 288, in handle
    |     await self.app(scope, receive, send)
    |   File "/data/data/com.termux/files/usr/lib/python3.13/site-packages/starlette/routing.py", line 76, in app
    |     await wrap_app_handling_exceptions(app, request)(scope, receive, send)
    |   File "/data/data/com.termux/files/usr/lib/python3.13/site-packages/starlette/_exception_handler.py", line 62, in wrapped_app
    |     raise exc
    |   File "/data/data/com.termux/files/usr/lib/python3.13/site-packages/starlette/_exception_handler.py", line 51, in wrapped_app
    |     await app(scope, receive, sender)
    |   File "/data/data/com.termux/files/usr/lib/python3.13/site-packages/starlette/routing.py", line 73, in app
    |     response = await f(request)
    |                ^^^^^^^^^^^^^^^^
    |   File "/data/data/com.termux/files/usr/lib/python3.13/site-packages/fastapi/routing.py", line 301, in app
    |     raw_response = await run_endpoint_function(
    |                    ^^^^^^^^^^^^^^^^^^^^^^^^^^^^
    |     ...<3 lines>...
    |     )
    |     ^
    |   File "/data/data/com.termux/files/usr/lib/python3.13/site-packages/fastapi/routing.py", line 214, in run_endpoint_function
    |     return await run_in_threadpool(dependant.call, **values)
    |            ^^^^^^^^^^^^^^^^^^^^^^^^^^^^^^^^^^^^^^^^^^^^^^^^^
    |   File "/data/data/com.termux/files/usr/lib/python3.13/site-packages/starlette/concurrency.py", line 39, in run_in_threadpool
    |     return await anyio.to_thread.run_sync(func, *args)
    |            ^^^^^^^^^^^^^^^^^^^^^^^^^^^^^^^^^^^^^^^^^^^
    |   File "/data/data/com.termux/files/usr/lib/python3.13/site-packages/anyio/to_thread.py", line 63, in run_sync
    |     return await get_async_backend().run_sync_in_worker_thread(
    |            ^^^^^^^^^^^^^^^^^^^^^^^^^^^^^^^^^^^^^^^^^^^^^^^^^^^^
    |         func, args, abandon_on_cancel=abandon_on_cancel, limiter=limiter
    |         ^^^^^^^^^^^^^^^^^^^^^^^^^^^^^^^^^^^^^^^^^^^^^^^^^^^^^^^^^^^^^^^^
    |     )
    |     ^
    |   File "/data/data/com.termux/files/usr/lib/python3.13/site-packages/anyio/_backends/_asyncio.py", line 2518, in run_sync_in_worker_thread
    |     return await future
    |            ^^^^^^^^^^^^
    |   File "/data/data/com.termux/files/usr/lib/python3.13/site-packages/anyio/_backends/_asyncio.py", line 1002, in run
    |     result = context.run(func, *args)
    |   File "/data/data/com.termux/files/home/customs-tech/backend/app/routers/tariff.py", line 9, in list_chapters
    |     sb = get_admin()
    |   File "/data/data/com.termux/files/home/customs-tech/backend/app/core/database.py", line 8, in get_admin
    |     return create_client(SUPABASE_URL, SUPABASE_SERVICE_KEY)
    |   File "/data/data/com.termux/files/usr/lib/python3.13/site-packages/supabase/_sync/client.py", line 335, in create_client
    |     return SyncClient.create(
    |            ~~~~~~~~~~~~~~~~~^
    |         supabase_url=supabase_url, supabase_key=supabase_key, options=options
    |         ^^^^^^^^^^^^^^^^^^^^^^^^^^^^^^^^^^^^^^^^^^^^^^^^^^^^^^^^^^^^^^^^^^^^^
    |     )
    |     ^
    |   File "/data/data/com.termux/files/usr/lib/python3.13/site-packages/supabase/_sync/client.py", line 102, in create
    |     client = cls(supabase_url, supabase_key, options)
    |   File "/data/data/com.termux/files/usr/lib/python3.13/site-packages/supabase/_sync/client.py", line 54, in __init__
    |     raise SupabaseException("supabase_key is required")
    | supabase._sync.client.SupabaseException: supabase_key is required
    +------------------------------------

During handling of the above exception, another exception occurred:

Traceback (most recent call last):
  File "/data/data/com.termux/files/usr/lib/python3.13/site-packages/uvicorn/protocols/http/httptools_impl.py", line 401, in run_asgi
    result = await app(  # type: ignore[func-returns-value]
             ^^^^^^^^^^^^^^^^^^^^^^^^^^^^^^^^^^^^^^^^^^^^^^
        self.scope, self.receive, self.send
        ^^^^^^^^^^^^^^^^^^^^^^^^^^^^^^^^^^^
    )
    ^
  File "/data/data/com.termux/files/usr/lib/python3.13/site-packages/uvicorn/middleware/proxy_headers.py", line 70, in __call__
    return await self.app(scope, receive, send)
           ^^^^^^^^^^^^^^^^^^^^^^^^^^^^^^^^^^^^
  File "/data/data/com.termux/files/usr/lib/python3.13/site-packages/fastapi/applications.py", line 1054, in __call__
    await super().__call__(scope, receive, send)
  File "/data/data/com.termux/files/usr/lib/python3.13/site-packages/starlette/applications.py", line 113, in __call__
    await self.middleware_stack(scope, receive, send)
  File "/data/data/com.termux/files/usr/lib/python3.13/site-packages/starlette/middleware/errors.py", line 187, in __call__
    raise exc
  File "/data/data/com.termux/files/usr/lib/python3.13/site-packages/starlette/middleware/errors.py", line 165, in __call__
    await self.app(scope, receive, _send)
  File "/data/data/com.termux/files/usr/lib/python3.13/site-packages/starlette/middleware/base.py", line 185, in __call__
    with collapse_excgroups():
         ~~~~~~~~~~~~~~~~~~^^
  File "/data/data/com.termux/files/usr/lib/python3.13/contextlib.py", line 162, in __exit__
    self.gen.throw(value)
    ~~~~~~~~~~~~~~^^^^^^^
  File "/data/data/com.termux/files/usr/lib/python3.13/site-packages/starlette/_utils.py", line 83, in collapse_excgroups
    raise exc
  File "/data/data/com.termux/files/usr/lib/python3.13/site-packages/starlette/middleware/base.py", line 187, in __call__
    response = await self.dispatch_func(request, call_next)
               ^^^^^^^^^^^^^^^^^^^^^^^^^^^^^^^^^^^^^^^^^^^^
  File "/data/data/com.termux/files/home/customs-tech/backend/app/main.py", line 25, in master_cors_middleware
    response = await call_next(request)
               ^^^^^^^^^^^^^^^^^^^^^^^^
  File "/data/data/com.termux/files/usr/lib/python3.13/site-packages/starlette/middleware/base.py", line 163, in call_next
    raise app_exc
  File "/data/data/com.termux/files/usr/lib/python3.13/site-packages/starlette/middleware/base.py", line 149, in coro
    await self.app(scope, receive_or_disconnect, send_no_error)
  File "/data/data/com.termux/files/usr/lib/python3.13/site-packages/starlette/middleware/exceptions.py", line 62, in __call__
    await wrap_app_handling_exceptions(self.app, conn)(scope, receive, send)
  File "/data/data/com.termux/files/usr/lib/python3.13/site-packages/starlette/_exception_handler.py", line 62, in wrapped_app
    raise exc
  File "/data/data/com.termux/files/usr/lib/python3.13/site-packages/starlette/_exception_handler.py", line 51, in wrapped_app
    await app(scope, receive, sender)
  File "/data/data/com.termux/files/usr/lib/python3.13/site-packages/starlette/routing.py", line 715, in __call__
    await self.middleware_stack(scope, receive, send)
  File "/data/data/com.termux/files/usr/lib/python3.13/site-packages/starlette/routing.py", line 735, in app
    await route.handle(scope, receive, send)
  File "/data/data/com.termux/files/usr/lib/python3.13/site-packages/starlette/routing.py", line 288, in handle
    await self.app(scope, receive, send)
  File "/data/data/com.termux/files/usr/lib/python3.13/site-packages/starlette/routing.py", line 76, in app
    await wrap_app_handling_exceptions(app, request)(scope, receive, send)
  File "/data/data/com.termux/files/usr/lib/python3.13/site-packages/starlette/_exception_handler.py", line 62, in wrapped_app
    raise exc
  File "/data/data/com.termux/files/usr/lib/python3.13/site-packages/starlette/_exception_handler.py", line 51, in wrapped_app
    await app(scope, receive, sender)
  File "/data/data/com.termux/files/usr/lib/python3.13/site-packages/starlette/routing.py", line 73, in app
    response = await f(request)
               ^^^^^^^^^^^^^^^^
  File "/data/data/com.termux/files/usr/lib/python3.13/site-packages/fastapi/routing.py", line 301, in app
    raw_response = await run_endpoint_function(
                   ^^^^^^^^^^^^^^^^^^^^^^^^^^^^
    ...<3 lines>...
    )
    ^
  File "/data/data/com.termux/files/usr/lib/python3.13/site-packages/fastapi/routing.py", line 214, in run_endpoint_function
    return await run_in_threadpool(dependant.call, **values)
           ^^^^^^^^^^^^^^^^^^^^^^^^^^^^^^^^^^^^^^^^^^^^^^^^^
  File "/data/data/com.termux/files/usr/lib/python3.13/site-packages/starlette/concurrency.py", line 39, in run_in_threadpool
    return await anyio.to_thread.run_sync(func, *args)
           ^^^^^^^^^^^^^^^^^^^^^^^^^^^^^^^^^^^^^^^^^^^
  File "/data/data/com.termux/files/usr/lib/python3.13/site-packages/anyio/to_thread.py", line 63, in run_sync
    return await get_async_backend().run_sync_in_worker_thread(
           ^^^^^^^^^^^^^^^^^^^^^^^^^^^^^^^^^^^^^^^^^^^^^^^^^^^^
        func, args, abandon_on_cancel=abandon_on_cancel, limiter=limiter
        ^^^^^^^^^^^^^^^^^^^^^^^^^^^^^^^^^^^^^^^^^^^^^^^^^^^^^^^^^^^^^^^^
    )
    ^
  File "/data/data/com.termux/files/usr/lib/python3.13/site-packages/anyio/_backends/_asyncio.py", line 2518, in run_sync_in_worker_thread
    return await future
           ^^^^^^^^^^^^
  File "/data/data/com.termux/files/usr/lib/python3.13/site-packages/anyio/_backends/_asyncio.py", line 1002, in run
    result = context.run(func, *args)
  File "/data/data/com.termux/files/home/customs-tech/backend/app/routers/tariff.py", line 9, in list_chapters
    sb = get_admin()
  File "/data/data/com.termux/files/home/customs-tech/backend/app/core/database.py", line 8, in get_admin
    return create_client(SUPABASE_URL, SUPABASE_SERVICE_KEY)
  File "/data/data/com.termux/files/usr/lib/python3.13/site-packages/supabase/_sync/client.py", line 335, in create_client
    return SyncClient.create(
           ~~~~~~~~~~~~~~~~~^
        supabase_url=supabase_url, supabase_key=supabase_key, options=options
        ^^^^^^^^^^^^^^^^^^^^^^^^^^^^^^^^^^^^^^^^^^^^^^^^^^^^^^^^^^^^^^^^^^^^^
    )
    ^
  File "/data/data/com.termux/files/usr/lib/python3.13/site-packages/supabase/_sync/client.py", line 102, in create
    client = cls(supabase_url, supabase_key, options)
  File "/data/data/com.termux/files/usr/lib/python3.13/site-packages/supabase/_sync/client.py", line 54, in __init__
    raise SupabaseException("supabase_key is required")
supabase._sync.client.SupabaseException: supabase_key is required
INFO:     127.0.0.1:60892 - "OPTIONS /api/assessments?limit=200 HTTP/1.1" 200 OK
INFO:     127.0.0.1:60892 - "GET /api/assessments?limit=200 HTTP/1.1" 401 Unauthorized
INFO:     127.0.0.1:48588 - "OPTIONS /api/tariff/chapters HTTP/1.1" 200 OK
INFO:     127.0.0.1:48588 - "GET /api/tariff/chapters HTTP/1.1" 500 Internal Server Error
ERROR:    Exception in ASGI application
  + Exception Group Traceback (most recent call last):
  |   File "/data/data/com.termux/files/usr/lib/python3.13/site-packages/starlette/_utils.py", line 77, in collapse_excgroups
  |     yield
  |   File "/data/data/com.termux/files/usr/lib/python3.13/site-packages/starlette/middleware/base.py", line 186, in __call__
  |     async with anyio.create_task_group() as task_group:
  |                ~~~~~~~~~~~~~~~~~~~~~~~^^
  |   File "/data/data/com.termux/files/usr/lib/python3.13/site-packages/anyio/_backends/_asyncio.py", line 799, in __aexit__
  |     raise BaseExceptionGroup(
  |         "unhandled errors in a TaskGroup", self._exceptions
  |     ) from None
  | ExceptionGroup: unhandled errors in a TaskGroup (1 sub-exception)
  +-+---------------- 1 ----------------
    | Traceback (most recent call last):
    |   File "/data/data/com.termux/files/usr/lib/python3.13/site-packages/uvicorn/protocols/http/httptools_impl.py", line 401, in run_asgi
    |     result = await app(  # type: ignore[func-returns-value]
    |              ^^^^^^^^^^^^^^^^^^^^^^^^^^^^^^^^^^^^^^^^^^^^^^
    |         self.scope, self.receive, self.send
    |         ^^^^^^^^^^^^^^^^^^^^^^^^^^^^^^^^^^^
    |     )
    |     ^
    |   File "/data/data/com.termux/files/usr/lib/python3.13/site-packages/uvicorn/middleware/proxy_headers.py", line 70, in __call__
    |     return await self.app(scope, receive, send)
    |            ^^^^^^^^^^^^^^^^^^^^^^^^^^^^^^^^^^^^
    |   File "/data/data/com.termux/files/usr/lib/python3.13/site-packages/fastapi/applications.py", line 1054, in __call__
    |     await super().__call__(scope, receive, send)
    |   File "/data/data/com.termux/files/usr/lib/python3.13/site-packages/starlette/applications.py", line 113, in __call__
    |     await self.middleware_stack(scope, receive, send)
    |   File "/data/data/com.termux/files/usr/lib/python3.13/site-packages/starlette/middleware/errors.py", line 187, in __call__
    |     raise exc
    |   File "/data/data/com.termux/files/usr/lib/python3.13/site-packages/starlette/middleware/errors.py", line 165, in __call__
    |     await self.app(scope, receive, _send)
    |   File "/data/data/com.termux/files/usr/lib/python3.13/site-packages/starlette/middleware/base.py", line 185, in __call__
    |     with collapse_excgroups():
    |          ~~~~~~~~~~~~~~~~~~^^
    |   File "/data/data/com.termux/files/usr/lib/python3.13/contextlib.py", line 162, in __exit__
    |     self.gen.throw(value)
    |     ~~~~~~~~~~~~~~^^^^^^^
    |   File "/data/data/com.termux/files/usr/lib/python3.13/site-packages/starlette/_utils.py", line 83, in collapse_excgroups
    |     raise exc
    |   File "/data/data/com.termux/files/usr/lib/python3.13/site-packages/starlette/middleware/base.py", line 187, in __call__
    |     response = await self.dispatch_func(request, call_next)
    |                ^^^^^^^^^^^^^^^^^^^^^^^^^^^^^^^^^^^^^^^^^^^^
    |   File "/data/data/com.termux/files/home/customs-tech/backend/app/main.py", line 25, in master_cors_middleware
    |     response = await call_next(request)
    |                ^^^^^^^^^^^^^^^^^^^^^^^^
    |   File "/data/data/com.termux/files/usr/lib/python3.13/site-packages/starlette/middleware/base.py", line 163, in call_next
    |     raise app_exc
    |   File "/data/data/com.termux/files/usr/lib/python3.13/site-packages/starlette/middleware/base.py", line 149, in coro
    |     await self.app(scope, receive_or_disconnect, send_no_error)
    |   File "/data/data/com.termux/files/usr/lib/python3.13/site-packages/starlette/middleware/exceptions.py", line 62, in __call__
    |     await wrap_app_handling_exceptions(self.app, conn)(scope, receive, send)
    |   File "/data/data/com.termux/files/usr/lib/python3.13/site-packages/starlette/_exception_handler.py", line 62, in wrapped_app
    |     raise exc
    |   File "/data/data/com.termux/files/usr/lib/python3.13/site-packages/starlette/_exception_handler.py", line 51, in wrapped_app
    |     await app(scope, receive, sender)
    |   File "/data/data/com.termux/files/usr/lib/python3.13/site-packages/starlette/routing.py", line 715, in __call__
    |     await self.middleware_stack(scope, receive, send)
    |   File "/data/data/com.termux/files/usr/lib/python3.13/site-packages/starlette/routing.py", line 735, in app
    |     await route.handle(scope, receive, send)
    |   File "/data/data/com.termux/files/usr/lib/python3.13/site-packages/starlette/routing.py", line 288, in handle
    |     await self.app(scope, receive, send)
    |   File "/data/data/com.termux/files/usr/lib/python3.13/site-packages/starlette/routing.py", line 76, in app
    |     await wrap_app_handling_exceptions(app, request)(scope, receive, send)
    |   File "/data/data/com.termux/files/usr/lib/python3.13/site-packages/starlette/_exception_handler.py", line 62, in wrapped_app
    |     raise exc
    |   File "/data/data/com.termux/files/usr/lib/python3.13/site-packages/starlette/_exception_handler.py", line 51, in wrapped_app
    |     await app(scope, receive, sender)
    |   File "/data/data/com.termux/files/usr/lib/python3.13/site-packages/starlette/routing.py", line 73, in app
    |     response = await f(request)
    |                ^^^^^^^^^^^^^^^^
    |   File "/data/data/com.termux/files/usr/lib/python3.13/site-packages/fastapi/routing.py", line 301, in app
    |     raw_response = await run_endpoint_function(
    |                    ^^^^^^^^^^^^^^^^^^^^^^^^^^^^
    |     ...<3 lines>...
    |     )
    |     ^
    |   File "/data/data/com.termux/files/usr/lib/python3.13/site-packages/fastapi/routing.py", line 214, in run_endpoint_function
    |     return await run_in_threadpool(dependant.call, **values)
    |            ^^^^^^^^^^^^^^^^^^^^^^^^^^^^^^^^^^^^^^^^^^^^^^^^^
    |   File "/data/data/com.termux/files/usr/lib/python3.13/site-packages/starlette/concurrency.py", line 39, in run_in_threadpool
    |     return await anyio.to_thread.run_sync(func, *args)
    |            ^^^^^^^^^^^^^^^^^^^^^^^^^^^^^^^^^^^^^^^^^^^
    |   File "/data/data/com.termux/files/usr/lib/python3.13/site-packages/anyio/to_thread.py", line 63, in run_sync
    |     return await get_async_backend().run_sync_in_worker_thread(
    |            ^^^^^^^^^^^^^^^^^^^^^^^^^^^^^^^^^^^^^^^^^^^^^^^^^^^^
    |         func, args, abandon_on_cancel=abandon_on_cancel, limiter=limiter
    |         ^^^^^^^^^^^^^^^^^^^^^^^^^^^^^^^^^^^^^^^^^^^^^^^^^^^^^^^^^^^^^^^^
    |     )
    |     ^
    |   File "/data/data/com.termux/files/usr/lib/python3.13/site-packages/anyio/_backends/_asyncio.py", line 2518, in run_sync_in_worker_thread
    |     return await future
    |            ^^^^^^^^^^^^
    |   File "/data/data/com.termux/files/usr/lib/python3.13/site-packages/anyio/_backends/_asyncio.py", line 1002, in run
    |     result = context.run(func, *args)
    |   File "/data/data/com.termux/files/home/customs-tech/backend/app/routers/tariff.py", line 9, in list_chapters
    |     sb = get_admin()
    |   File "/data/data/com.termux/files/home/customs-tech/backend/app/core/database.py", line 8, in get_admin
    |     return create_client(SUPABASE_URL, SUPABASE_SERVICE_KEY)
    |   File "/data/data/com.termux/files/usr/lib/python3.13/site-packages/supabase/_sync/client.py", line 335, in create_client
    |     return SyncClient.create(
    |            ~~~~~~~~~~~~~~~~~^
    |         supabase_url=supabase_url, supabase_key=supabase_key, options=options
    |         ^^^^^^^^^^^^^^^^^^^^^^^^^^^^^^^^^^^^^^^^^^^^^^^^^^^^^^^^^^^^^^^^^^^^^
    |     )
    |     ^
    |   File "/data/data/com.termux/files/usr/lib/python3.13/site-packages/supabase/_sync/client.py", line 102, in create
    |     client = cls(supabase_url, supabase_key, options)
    |   File "/data/data/com.termux/files/usr/lib/python3.13/site-packages/supabase/_sync/client.py", line 54, in __init__
    |     raise SupabaseException("supabase_key is required")
    | supabase._sync.client.SupabaseException: supabase_key is required
    +------------------------------------

During handling of the above exception, another exception occurred:

Traceback (most recent call last):
  File "/data/data/com.termux/files/usr/lib/python3.13/site-packages/uvicorn/protocols/http/httptools_impl.py", line 401, in run_asgi
    result = await app(  # type: ignore[func-returns-value]
             ^^^^^^^^^^^^^^^^^^^^^^^^^^^^^^^^^^^^^^^^^^^^^^
        self.scope, self.receive, self.send
        ^^^^^^^^^^^^^^^^^^^^^^^^^^^^^^^^^^^
    )
    ^
  File "/data/data/com.termux/files/usr/lib/python3.13/site-packages/uvicorn/middleware/proxy_headers.py", line 70, in __call__
    return await self.app(scope, receive, send)
           ^^^^^^^^^^^^^^^^^^^^^^^^^^^^^^^^^^^^
  File "/data/data/com.termux/files/usr/lib/python3.13/site-packages/fastapi/applications.py", line 1054, in __call__
    await super().__call__(scope, receive, send)
  File "/data/data/com.termux/files/usr/lib/python3.13/site-packages/starlette/applications.py", line 113, in __call__
    await self.middleware_stack(scope, receive, send)
  File "/data/data/com.termux/files/usr/lib/python3.13/site-packages/starlette/middleware/errors.py", line 187, in __call__
    raise exc
  File "/data/data/com.termux/files/usr/lib/python3.13/site-packages/starlette/middleware/errors.py", line 165, in __call__
    await self.app(scope, receive, _send)
  File "/data/data/com.termux/files/usr/lib/python3.13/site-packages/starlette/middleware/base.py", line 185, in __call__
    with collapse_excgroups():
         ~~~~~~~~~~~~~~~~~~^^
  File "/data/data/com.termux/files/usr/lib/python3.13/contextlib.py", line 162, in __exit__
    self.gen.throw(value)
    ~~~~~~~~~~~~~~^^^^^^^
  File "/data/data/com.termux/files/usr/lib/python3.13/site-packages/starlette/_utils.py", line 83, in collapse_excgroups
    raise exc
  File "/data/data/com.termux/files/usr/lib/python3.13/site-packages/starlette/middleware/base.py", line 187, in __call__
    response = await self.dispatch_func(request, call_next)
               ^^^^^^^^^^^^^^^^^^^^^^^^^^^^^^^^^^^^^^^^^^^^
  File "/data/data/com.termux/files/home/customs-tech/backend/app/main.py", line 25, in master_cors_middleware
    response = await call_next(request)
               ^^^^^^^^^^^^^^^^^^^^^^^^
  File "/data/data/com.termux/files/usr/lib/python3.13/site-packages/starlette/middleware/base.py", line 163, in call_next
    raise app_exc
  File "/data/data/com.termux/files/usr/lib/python3.13/site-packages/starlette/middleware/base.py", line 149, in coro
    await self.app(scope, receive_or_disconnect, send_no_error)
  File "/data/data/com.termux/files/usr/lib/python3.13/site-packages/starlette/middleware/exceptions.py", line 62, in __call__
    await wrap_app_handling_exceptions(self.app, conn)(scope, receive, send)
  File "/data/data/com.termux/files/usr/lib/python3.13/site-packages/starlette/_exception_handler.py", line 62, in wrapped_app
    raise exc
  File "/data/data/com.termux/files/usr/lib/python3.13/site-packages/starlette/_exception_handler.py", line 51, in wrapped_app
    await app(scope, receive, sender)
  File "/data/data/com.termux/files/usr/lib/python3.13/site-packages/starlette/routing.py", line 715, in __call__
    await self.middleware_stack(scope, receive, send)
  File "/data/data/com.termux/files/usr/lib/python3.13/site-packages/starlette/routing.py", line 735, in app
    await route.handle(scope, receive, send)
  File "/data/data/com.termux/files/usr/lib/python3.13/site-packages/starlette/routing.py", line 288, in handle
    await self.app(scope, receive, send)
  File "/data/data/com.termux/files/usr/lib/python3.13/site-packages/starlette/routing.py", line 76, in app
    await wrap_app_handling_exceptions(app, request)(scope, receive, send)
  File "/data/data/com.termux/files/usr/lib/python3.13/site-packages/starlette/_exception_handler.py", line 62, in wrapped_app
    raise exc
  File "/data/data/com.termux/files/usr/lib/python3.13/site-packages/starlette/_exception_handler.py", line 51, in wrapped_app
    await app(scope, receive, sender)
  File "/data/data/com.termux/files/usr/lib/python3.13/site-packages/starlette/routing.py", line 73, in app
    response = await f(request)
               ^^^^^^^^^^^^^^^^
  File "/data/data/com.termux/files/usr/lib/python3.13/site-packages/fastapi/routing.py", line 301, in app
    raw_response = await run_endpoint_function(
                   ^^^^^^^^^^^^^^^^^^^^^^^^^^^^
    ...<3 lines>...
    )
    ^
  File "/data/data/com.termux/files/usr/lib/python3.13/site-packages/fastapi/routing.py", line 214, in run_endpoint_function
    return await run_in_threadpool(dependant.call, **values)
           ^^^^^^^^^^^^^^^^^^^^^^^^^^^^^^^^^^^^^^^^^^^^^^^^^
  File "/data/data/com.termux/files/usr/lib/python3.13/site-packages/starlette/concurrency.py", line 39, in run_in_threadpool
    return await anyio.to_thread.run_sync(func, *args)
           ^^^^^^^^^^^^^^^^^^^^^^^^^^^^^^^^^^^^^^^^^^^
  File "/data/data/com.termux/files/usr/lib/python3.13/site-packages/anyio/to_thread.py", line 63, in run_sync
    return await get_async_backend().run_sync_in_worker_thread(
           ^^^^^^^^^^^^^^^^^^^^^^^^^^^^^^^^^^^^^^^^^^^^^^^^^^^^
        func, args, abandon_on_cancel=abandon_on_cancel, limiter=limiter
        ^^^^^^^^^^^^^^^^^^^^^^^^^^^^^^^^^^^^^^^^^^^^^^^^^^^^^^^^^^^^^^^^
    )
    ^
  File "/data/data/com.termux/files/usr/lib/python3.13/site-packages/anyio/_backends/_asyncio.py", line 2518, in run_sync_in_worker_thread
    return await future
           ^^^^^^^^^^^^
  File "/data/data/com.termux/files/usr/lib/python3.13/site-packages/anyio/_backends/_asyncio.py", line 1002, in run
    result = context.run(func, *args)
  File "/data/data/com.termux/files/home/customs-tech/backend/app/routers/tariff.py", line 9, in list_chapters
    sb = get_admin()
  File "/data/data/com.termux/files/home/customs-tech/backend/app/core/database.py", line 8, in get_admin
    return create_client(SUPABASE_URL, SUPABASE_SERVICE_KEY)
  File "/data/data/com.termux/files/usr/lib/python3.13/site-packages/supabase/_sync/client.py", line 335, in create_client
    return SyncClient.create(
           ~~~~~~~~~~~~~~~~~^
        supabase_url=supabase_url, supabase_key=supabase_key, options=options
        ^^^^^^^^^^^^^^^^^^^^^^^^^^^^^^^^^^^^^^^^^^^^^^^^^^^^^^^^^^^^^^^^^^^^^
    )
    ^
  File "/data/data/com.termux/files/usr/lib/python3.13/site-packages/supabase/_sync/client.py", line 102, in create
    client = cls(supabase_url, supabase_key, options)
  File "/data/data/com.termux/files/usr/lib/python3.13/site-packages/supabase/_sync/client.py", line 54, in __init__
    raise SupabaseException("supabase_key is required")
supabase._sync.client.SupabaseException: supabase_key is required
INFO:     127.0.0.1:48598 - "OPTIONS /api/assessments?limit=200 HTTP/1.1" 200 OK
INFO:     127.0.0.1:48598 - "GET /api/assessments?limit=200 HTTP/1.1" 401 Unauthorized
INFO:     127.0.0.1:48598 - "GET /api/assessments?limit=200 HTTP/1.1" 401 Unauthorized
INFO:     127.0.0.1:48598 - "OPTIONS /api/tariff/chapters HTTP/1.1" 200 OK
INFO:     127.0.0.1:48598 - "GET /api/tariff/chapters HTTP/1.1" 500 Internal Server Error
ERROR:    Exception in ASGI application
  + Exception Group Traceback (most recent call last):
  |   File "/data/data/com.termux/files/usr/lib/python3.13/site-packages/starlette/_utils.py", line 77, in collapse_excgroups
  |     yield
  |   File "/data/data/com.termux/files/usr/lib/python3.13/site-packages/starlette/middleware/base.py", line 186, in __call__
  |     async with anyio.create_task_group() as task_group:
  |                ~~~~~~~~~~~~~~~~~~~~~~~^^
  |   File "/data/data/com.termux/files/usr/lib/python3.13/site-packages/anyio/_backends/_asyncio.py", line 799, in __aexit__
  |     raise BaseExceptionGroup(
  |         "unhandled errors in a TaskGroup", self._exceptions
  |     ) from None
  | ExceptionGroup: unhandled errors in a TaskGroup (1 sub-exception)
  +-+---------------- 1 ----------------
    | Traceback (most recent call last):
    |   File "/data/data/com.termux/files/usr/lib/python3.13/site-packages/uvicorn/protocols/http/httptools_impl.py", line 401, in run_asgi
    |     result = await app(  # type: ignore[func-returns-value]
    |              ^^^^^^^^^^^^^^^^^^^^^^^^^^^^^^^^^^^^^^^^^^^^^^
    |         self.scope, self.receive, self.send
    |         ^^^^^^^^^^^^^^^^^^^^^^^^^^^^^^^^^^^
    |     )
    |     ^
    |   File "/data/data/com.termux/files/usr/lib/python3.13/site-packages/uvicorn/middleware/proxy_headers.py", line 70, in __call__
    |     return await self.app(scope, receive, send)
    |            ^^^^^^^^^^^^^^^^^^^^^^^^^^^^^^^^^^^^
    |   File "/data/data/com.termux/files/usr/lib/python3.13/site-packages/fastapi/applications.py", line 1054, in __call__
    |     await super().__call__(scope, receive, send)
    |   File "/data/data/com.termux/files/usr/lib/python3.13/site-packages/starlette/applications.py", line 113, in __call__
    |     await self.middleware_stack(scope, receive, send)
    |   File "/data/data/com.termux/files/usr/lib/python3.13/site-packages/starlette/middleware/errors.py", line 187, in __call__
    |     raise exc
    |   File "/data/data/com.termux/files/usr/lib/python3.13/site-packages/starlette/middleware/errors.py", line 165, in __call__
    |     await self.app(scope, receive, _send)
    |   File "/data/data/com.termux/files/usr/lib/python3.13/site-packages/starlette/middleware/base.py", line 185, in __call__
    |     with collapse_excgroups():
    |          ~~~~~~~~~~~~~~~~~~^^
    |   File "/data/data/com.termux/files/usr/lib/python3.13/contextlib.py", line 162, in __exit__
    |     self.gen.throw(value)
    |     ~~~~~~~~~~~~~~^^^^^^^
    |   File "/data/data/com.termux/files/usr/lib/python3.13/site-packages/starlette/_utils.py", line 83, in collapse_excgroups
    |     raise exc
    |   File "/data/data/com.termux/files/usr/lib/python3.13/site-packages/starlette/middleware/base.py", line 187, in __call__
    |     response = await self.dispatch_func(request, call_next)
    |                ^^^^^^^^^^^^^^^^^^^^^^^^^^^^^^^^^^^^^^^^^^^^
    |   File "/data/data/com.termux/files/home/customs-tech/backend/app/main.py", line 25, in master_cors_middleware
    |     response = await call_next(request)
    |                ^^^^^^^^^^^^^^^^^^^^^^^^
    |   File "/data/data/com.termux/files/usr/lib/python3.13/site-packages/starlette/middleware/base.py", line 163, in call_next
    |     raise app_exc
    |   File "/data/data/com.termux/files/usr/lib/python3.13/site-packages/starlette/middleware/base.py", line 149, in coro
    |     await self.app(scope, receive_or_disconnect, send_no_error)
    |   File "/data/data/com.termux/files/usr/lib/python3.13/site-packages/starlette/middleware/exceptions.py", line 62, in __call__
    |     await wrap_app_handling_exceptions(self.app, conn)(scope, receive, send)
    |   File "/data/data/com.termux/files/usr/lib/python3.13/site-packages/starlette/_exception_handler.py", line 62, in wrapped_app
    |     raise exc
    |   File "/data/data/com.termux/files/usr/lib/python3.13/site-packages/starlette/_exception_handler.py", line 51, in wrapped_app
    |     await app(scope, receive, sender)
    |   File "/data/data/com.termux/files/usr/lib/python3.13/site-packages/starlette/routing.py", line 715, in __call__
    |     await self.middleware_stack(scope, receive, send)
    |   File "/data/data/com.termux/files/usr/lib/python3.13/site-packages/starlette/routing.py", line 735, in app
    |     await route.handle(scope, receive, send)
    |   File "/data/data/com.termux/files/usr/lib/python3.13/site-packages/starlette/routing.py", line 288, in handle
    |     await self.app(scope, receive, send)
    |   File "/data/data/com.termux/files/usr/lib/python3.13/site-packages/starlette/routing.py", line 76, in app
    |     await wrap_app_handling_exceptions(app, request)(scope, receive, send)
    |   File "/data/data/com.termux/files/usr/lib/python3.13/site-packages/starlette/_exception_handler.py", line 62, in wrapped_app
    |     raise exc
    |   File "/data/data/com.termux/files/usr/lib/python3.13/site-packages/starlette/_exception_handler.py", line 51, in wrapped_app
    |     await app(scope, receive, sender)
    |   File "/data/data/com.termux/files/usr/lib/python3.13/site-packages/starlette/routing.py", line 73, in app
    |     response = await f(request)
    |                ^^^^^^^^^^^^^^^^
    |   File "/data/data/com.termux/files/usr/lib/python3.13/site-packages/fastapi/routing.py", line 301, in app
    |     raw_response = await run_endpoint_function(
    |                    ^^^^^^^^^^^^^^^^^^^^^^^^^^^^
    |     ...<3 lines>...
    |     )
    |     ^
    |   File "/data/data/com.termux/files/usr/lib/python3.13/site-packages/fastapi/routing.py", line 214, in run_endpoint_function
    |     return await run_in_threadpool(dependant.call, **values)
    |            ^^^^^^^^^^^^^^^^^^^^^^^^^^^^^^^^^^^^^^^^^^^^^^^^^
    |   File "/data/data/com.termux/files/usr/lib/python3.13/site-packages/starlette/concurrency.py", line 39, in run_in_threadpool
    |     return await anyio.to_thread.run_sync(func, *args)
    |            ^^^^^^^^^^^^^^^^^^^^^^^^^^^^^^^^^^^^^^^^^^^
    |   File "/data/data/com.termux/files/usr/lib/python3.13/site-packages/anyio/to_thread.py", line 63, in run_sync
    |     return await get_async_backend().run_sync_in_worker_thread(
    |            ^^^^^^^^^^^^^^^^^^^^^^^^^^^^^^^^^^^^^^^^^^^^^^^^^^^^
    |         func, args, abandon_on_cancel=abandon_on_cancel, limiter=limiter
    |         ^^^^^^^^^^^^^^^^^^^^^^^^^^^^^^^^^^^^^^^^^^^^^^^^^^^^^^^^^^^^^^^^
    |     )
    |     ^
    |   File "/data/data/com.termux/files/usr/lib/python3.13/site-packages/anyio/_backends/_asyncio.py", line 2518, in run_sync_in_worker_thread
    |     return await future
    |            ^^^^^^^^^^^^
    |   File "/data/data/com.termux/files/usr/lib/python3.13/site-packages/anyio/_backends/_asyncio.py", line 1002, in run
    |     result = context.run(func, *args)
    |   File "/data/data/com.termux/files/home/customs-tech/backend/app/routers/tariff.py", line 9, in list_chapters
    |     sb = get_admin()
    |   File "/data/data/com.termux/files/home/customs-tech/backend/app/core/database.py", line 8, in get_admin
    |     return create_client(SUPABASE_URL, SUPABASE_SERVICE_KEY)
    |   File "/data/data/com.termux/files/usr/lib/python3.13/site-packages/supabase/_sync/client.py", line 335, in create_client
    |     return SyncClient.create(
    |            ~~~~~~~~~~~~~~~~~^
    |         supabase_url=supabase_url, supabase_key=supabase_key, options=options
    |         ^^^^^^^^^^^^^^^^^^^^^^^^^^^^^^^^^^^^^^^^^^^^^^^^^^^^^^^^^^^^^^^^^^^^^
    |     )
    |     ^
    |   File "/data/data/com.termux/files/usr/lib/python3.13/site-packages/supabase/_sync/client.py", line 102, in create
    |     client = cls(supabase_url, supabase_key, options)
    |   File "/data/data/com.termux/files/usr/lib/python3.13/site-packages/supabase/_sync/client.py", line 54, in __init__
    |     raise SupabaseException("supabase_key is required")
    | supabase._sync.client.SupabaseException: supabase_key is required
    +------------------------------------

During handling of the above exception, another exception occurred:

Traceback (most recent call last):
  File "/data/data/com.termux/files/usr/lib/python3.13/site-packages/uvicorn/protocols/http/httptools_impl.py", line 401, in run_asgi
    result = await app(  # type: ignore[func-returns-value]
             ^^^^^^^^^^^^^^^^^^^^^^^^^^^^^^^^^^^^^^^^^^^^^^
        self.scope, self.receive, self.send
        ^^^^^^^^^^^^^^^^^^^^^^^^^^^^^^^^^^^
    )
    ^
  File "/data/data/com.termux/files/usr/lib/python3.13/site-packages/uvicorn/middleware/proxy_headers.py", line 70, in __call__
    return await self.app(scope, receive, send)
           ^^^^^^^^^^^^^^^^^^^^^^^^^^^^^^^^^^^^
  File "/data/data/com.termux/files/usr/lib/python3.13/site-packages/fastapi/applications.py", line 1054, in __call__
    await super().__call__(scope, receive, send)
  File "/data/data/com.termux/files/usr/lib/python3.13/site-packages/starlette/applications.py", line 113, in __call__
    await self.middleware_stack(scope, receive, send)
  File "/data/data/com.termux/files/usr/lib/python3.13/site-packages/starlette/middleware/errors.py", line 187, in __call__
    raise exc
  File "/data/data/com.termux/files/usr/lib/python3.13/site-packages/starlette/middleware/errors.py", line 165, in __call__
    await self.app(scope, receive, _send)
  File "/data/data/com.termux/files/usr/lib/python3.13/site-packages/starlette/middleware/base.py", line 185, in __call__
    with collapse_excgroups():
         ~~~~~~~~~~~~~~~~~~^^
  File "/data/data/com.termux/files/usr/lib/python3.13/contextlib.py", line 162, in __exit__
    self.gen.throw(value)
    ~~~~~~~~~~~~~~^^^^^^^
  File "/data/data/com.termux/files/usr/lib/python3.13/site-packages/starlette/_utils.py", line 83, in collapse_excgroups
    raise exc
  File "/data/data/com.termux/files/usr/lib/python3.13/site-packages/starlette/middleware/base.py", line 187, in __call__
    response = await self.dispatch_func(request, call_next)
               ^^^^^^^^^^^^^^^^^^^^^^^^^^^^^^^^^^^^^^^^^^^^
  File "/data/data/com.termux/files/home/customs-tech/backend/app/main.py", line 25, in master_cors_middleware
    response = await call_next(request)
               ^^^^^^^^^^^^^^^^^^^^^^^^
  File "/data/data/com.termux/files/usr/lib/python3.13/site-packages/starlette/middleware/base.py", line 163, in call_next
    raise app_exc
  File "/data/data/com.termux/files/usr/lib/python3.13/site-packages/starlette/middleware/base.py", line 149, in coro
    await self.app(scope, receive_or_disconnect, send_no_error)
  File "/data/data/com.termux/files/usr/lib/python3.13/site-packages/starlette/middleware/exceptions.py", line 62, in __call__
    await wrap_app_handling_exceptions(self.app, conn)(scope, receive, send)
  File "/data/data/com.termux/files/usr/lib/python3.13/site-packages/starlette/_exception_handler.py", line 62, in wrapped_app
    raise exc
  File "/data/data/com.termux/files/usr/lib/python3.13/site-packages/starlette/_exception_handler.py", line 51, in wrapped_app
    await app(scope, receive, sender)
  File "/data/data/com.termux/files/usr/lib/python3.13/site-packages/starlette/routing.py", line 715, in __call__
    await self.middleware_stack(scope, receive, send)
  File "/data/data/com.termux/files/usr/lib/python3.13/site-packages/starlette/routing.py", line 735, in app
    await route.handle(scope, receive, send)
  File "/data/data/com.termux/files/usr/lib/python3.13/site-packages/starlette/routing.py", line 288, in handle
    await self.app(scope, receive, send)
  File "/data/data/com.termux/files/usr/lib/python3.13/site-packages/starlette/routing.py", line 76, in app
    await wrap_app_handling_exceptions(app, request)(scope, receive, send)
  File "/data/data/com.termux/files/usr/lib/python3.13/site-packages/starlette/_exception_handler.py", line 62, in wrapped_app
    raise exc
  File "/data/data/com.termux/files/usr/lib/python3.13/site-packages/starlette/_exception_handler.py", line 51, in wrapped_app
    await app(scope, receive, sender)
  File "/data/data/com.termux/files/usr/lib/python3.13/site-packages/starlette/routing.py", line 73, in app
    response = await f(request)
               ^^^^^^^^^^^^^^^^
  File "/data/data/com.termux/files/usr/lib/python3.13/site-packages/fastapi/routing.py", line 301, in app
    raw_response = await run_endpoint_function(
                   ^^^^^^^^^^^^^^^^^^^^^^^^^^^^
    ...<3 lines>...
    )
    ^
  File "/data/data/com.termux/files/usr/lib/python3.13/site-packages/fastapi/routing.py", line 214, in run_endpoint_function
    return await run_in_threadpool(dependant.call, **values)
           ^^^^^^^^^^^^^^^^^^^^^^^^^^^^^^^^^^^^^^^^^^^^^^^^^
  File "/data/data/com.termux/files/usr/lib/python3.13/site-packages/starlette/concurrency.py", line 39, in run_in_threadpool
    return await anyio.to_thread.run_sync(func, *args)
           ^^^^^^^^^^^^^^^^^^^^^^^^^^^^^^^^^^^^^^^^^^^
  File "/data/data/com.termux/files/usr/lib/python3.13/site-packages/anyio/to_thread.py", line 63, in run_sync
    return await get_async_backend().run_sync_in_worker_thread(
           ^^^^^^^^^^^^^^^^^^^^^^^^^^^^^^^^^^^^^^^^^^^^^^^^^^^^
        func, args, abandon_on_cancel=abandon_on_cancel, limiter=limiter
        ^^^^^^^^^^^^^^^^^^^^^^^^^^^^^^^^^^^^^^^^^^^^^^^^^^^^^^^^^^^^^^^^
    )
    ^
  File "/data/data/com.termux/files/usr/lib/python3.13/site-packages/anyio/_backends/_asyncio.py", line 2518, in run_sync_in_worker_thread
    return await future
           ^^^^^^^^^^^^
  File "/data/data/com.termux/files/usr/lib/python3.13/site-packages/anyio/_backends/_asyncio.py", line 1002, in run
    result = context.run(func, *args)
  File "/data/data/com.termux/files/home/customs-tech/backend/app/routers/tariff.py", line 9, in list_chapters
    sb = get_admin()
  File "/data/data/com.termux/files/home/customs-tech/backend/app/core/database.py", line 8, in get_admin
    return create_client(SUPABASE_URL, SUPABASE_SERVICE_KEY)
  File "/data/data/com.termux/files/usr/lib/python3.13/site-packages/supabase/_sync/client.py", line 335, in create_client
    return SyncClient.create(
           ~~~~~~~~~~~~~~~~~^
        supabase_url=supabase_url, supabase_key=supabase_key, options=options
        ^^^^^^^^^^^^^^^^^^^^^^^^^^^^^^^^^^^^^^^^^^^^^^^^^^^^^^^^^^^^^^^^^^^^^
    )
    ^
  File "/data/data/com.termux/files/usr/lib/python3.13/site-packages/supabase/_sync/client.py", line 102, in create
    client = cls(supabase_url, supabase_key, options)
  File "/data/data/com.termux/files/usr/lib/python3.13/site-packages/supabase/_sync/client.py", line 54, in __init__
    raise SupabaseException("supabase_key is required")
supabase._sync.client.SupabaseException: supabase_key is required
INFO:     127.0.0.1:38522 - "GET /api/tariff/chapters HTTP/1.1" 500 Internal Server Error
ERROR:    Exception in ASGI application
  + Exception Group Traceback (most recent call last):
  |   File "/data/data/com.termux/files/usr/lib/python3.13/site-packages/starlette/_utils.py", line 77, in collapse_excgroups
  |     yield
  |   File "/data/data/com.termux/files/usr/lib/python3.13/site-packages/starlette/middleware/base.py", line 186, in __call__
  |     async with anyio.create_task_group() as task_group:
  |                ~~~~~~~~~~~~~~~~~~~~~~~^^
  |   File "/data/data/com.termux/files/usr/lib/python3.13/site-packages/anyio/_backends/_asyncio.py", line 799, in __aexit__
  |     raise BaseExceptionGroup(
  |         "unhandled errors in a TaskGroup", self._exceptions
  |     ) from None
  | ExceptionGroup: unhandled errors in a TaskGroup (1 sub-exception)
  +-+---------------- 1 ----------------
    | Traceback (most recent call last):
    |   File "/data/data/com.termux/files/usr/lib/python3.13/site-packages/uvicorn/protocols/http/httptools_impl.py", line 401, in run_asgi
    |     result = await app(  # type: ignore[func-returns-value]
    |              ^^^^^^^^^^^^^^^^^^^^^^^^^^^^^^^^^^^^^^^^^^^^^^
    |         self.scope, self.receive, self.send
    |         ^^^^^^^^^^^^^^^^^^^^^^^^^^^^^^^^^^^
    |     )
    |     ^
    |   File "/data/data/com.termux/files/usr/lib/python3.13/site-packages/uvicorn/middleware/proxy_headers.py", line 70, in __call__
    |     return await self.app(scope, receive, send)
    |            ^^^^^^^^^^^^^^^^^^^^^^^^^^^^^^^^^^^^
    |   File "/data/data/com.termux/files/usr/lib/python3.13/site-packages/fastapi/applications.py", line 1054, in __call__
    |     await super().__call__(scope, receive, send)
    |   File "/data/data/com.termux/files/usr/lib/python3.13/site-packages/starlette/applications.py", line 113, in __call__
    |     await self.middleware_stack(scope, receive, send)
    |   File "/data/data/com.termux/files/usr/lib/python3.13/site-packages/starlette/middleware/errors.py", line 187, in __call__
    |     raise exc
    |   File "/data/data/com.termux/files/usr/lib/python3.13/site-packages/starlette/middleware/errors.py", line 165, in __call__
    |     await self.app(scope, receive, _send)
    |   File "/data/data/com.termux/files/usr/lib/python3.13/site-packages/starlette/middleware/base.py", line 185, in __call__
    |     with collapse_excgroups():
    |          ~~~~~~~~~~~~~~~~~~^^
    |   File "/data/data/com.termux/files/usr/lib/python3.13/contextlib.py", line 162, in __exit__
    |     self.gen.throw(value)
    |     ~~~~~~~~~~~~~~^^^^^^^
    |   File "/data/data/com.termux/files/usr/lib/python3.13/site-packages/starlette/_utils.py", line 83, in collapse_excgroups
    |     raise exc
    |   File "/data/data/com.termux/files/usr/lib/python3.13/site-packages/starlette/middleware/base.py", line 187, in __call__
    |     response = await self.dispatch_func(request, call_next)
    |                ^^^^^^^^^^^^^^^^^^^^^^^^^^^^^^^^^^^^^^^^^^^^
    |   File "/data/data/com.termux/files/home/customs-tech/backend/app/main.py", line 25, in master_cors_middleware
    |     response = await call_next(request)
    |                ^^^^^^^^^^^^^^^^^^^^^^^^
    |   File "/data/data/com.termux/files/usr/lib/python3.13/site-packages/starlette/middleware/base.py", line 163, in call_next
    |     raise app_exc
    |   File "/data/data/com.termux/files/usr/lib/python3.13/site-packages/starlette/middleware/base.py", line 149, in coro
    |     await self.app(scope, receive_or_disconnect, send_no_error)
    |   File "/data/data/com.termux/files/usr/lib/python3.13/site-packages/starlette/middleware/exceptions.py", line 62, in __call__
    |     await wrap_app_handling_exceptions(self.app, conn)(scope, receive, send)
    |   File "/data/data/com.termux/files/usr/lib/python3.13/site-packages/starlette/_exception_handler.py", line 62, in wrapped_app
    |     raise exc
    |   File "/data/data/com.termux/files/usr/lib/python3.13/site-packages/starlette/_exception_handler.py", line 51, in wrapped_app
    |     await app(scope, receive, sender)
    |   File "/data/data/com.termux/files/usr/lib/python3.13/site-packages/starlette/routing.py", line 715, in __call__
    |     await self.middleware_stack(scope, receive, send)
    |   File "/data/data/com.termux/files/usr/lib/python3.13/site-packages/starlette/routing.py", line 735, in app
    |     await route.handle(scope, receive, send)
    |   File "/data/data/com.termux/files/usr/lib/python3.13/site-packages/starlette/routing.py", line 288, in handle
    |     await self.app(scope, receive, send)
    |   File "/data/data/com.termux/files/usr/lib/python3.13/site-packages/starlette/routing.py", line 76, in app
    |     await wrap_app_handling_exceptions(app, request)(scope, receive, send)
    |   File "/data/data/com.termux/files/usr/lib/python3.13/site-packages/starlette/_exception_handler.py", line 62, in wrapped_app
    |     raise exc
    |   File "/data/data/com.termux/files/usr/lib/python3.13/site-packages/starlette/_exception_handler.py", line 51, in wrapped_app
    |     await app(scope, receive, sender)
    |   File "/data/data/com.termux/files/usr/lib/python3.13/site-packages/starlette/routing.py", line 73, in app
    |     response = await f(request)
    |                ^^^^^^^^^^^^^^^^
    |   File "/data/data/com.termux/files/usr/lib/python3.13/site-packages/fastapi/routing.py", line 301, in app
    |     raw_response = await run_endpoint_function(
    |                    ^^^^^^^^^^^^^^^^^^^^^^^^^^^^
    |     ...<3 lines>...
    |     )
    |     ^
    |   File "/data/data/com.termux/files/usr/lib/python3.13/site-packages/fastapi/routing.py", line 214, in run_endpoint_function
    |     return await run_in_threadpool(dependant.call, **values)
    |            ^^^^^^^^^^^^^^^^^^^^^^^^^^^^^^^^^^^^^^^^^^^^^^^^^
    |   File "/data/data/com.termux/files/usr/lib/python3.13/site-packages/starlette/concurrency.py", line 39, in run_in_threadpool
    |     return await anyio.to_thread.run_sync(func, *args)
    |            ^^^^^^^^^^^^^^^^^^^^^^^^^^^^^^^^^^^^^^^^^^^
    |   File "/data/data/com.termux/files/usr/lib/python3.13/site-packages/anyio/to_thread.py", line 63, in run_sync
    |     return await get_async_backend().run_sync_in_worker_thread(
    |            ^^^^^^^^^^^^^^^^^^^^^^^^^^^^^^^^^^^^^^^^^^^^^^^^^^^^
    |         func, args, abandon_on_cancel=abandon_on_cancel, limiter=limiter
    |         ^^^^^^^^^^^^^^^^^^^^^^^^^^^^^^^^^^^^^^^^^^^^^^^^^^^^^^^^^^^^^^^^
    |     )
    |     ^
    |   File "/data/data/com.termux/files/usr/lib/python3.13/site-packages/anyio/_backends/_asyncio.py", line 2518, in run_sync_in_worker_thread
    |     return await future
    |            ^^^^^^^^^^^^
    |   File "/data/data/com.termux/files/usr/lib/python3.13/site-packages/anyio/_backends/_asyncio.py", line 1002, in run
    |     result = context.run(func, *args)
    |   File "/data/data/com.termux/files/home/customs-tech/backend/app/routers/tariff.py", line 9, in list_chapters
    |     sb = get_admin()
    |   File "/data/data/com.termux/files/home/customs-tech/backend/app/core/database.py", line 8, in get_admin
    |     return create_client(SUPABASE_URL, SUPABASE_SERVICE_KEY)
    |   File "/data/data/com.termux/files/usr/lib/python3.13/site-packages/supabase/_sync/client.py", line 335, in create_client
    |     return SyncClient.create(
    |            ~~~~~~~~~~~~~~~~~^
    |         supabase_url=supabase_url, supabase_key=supabase_key, options=options
    |         ^^^^^^^^^^^^^^^^^^^^^^^^^^^^^^^^^^^^^^^^^^^^^^^^^^^^^^^^^^^^^^^^^^^^^
    |     )
    |     ^
    |   File "/data/data/com.termux/files/usr/lib/python3.13/site-packages/supabase/_sync/client.py", line 102, in create
    |     client = cls(supabase_url, supabase_key, options)
    |   File "/data/data/com.termux/files/usr/lib/python3.13/site-packages/supabase/_sync/client.py", line 54, in __init__
    |     raise SupabaseException("supabase_key is required")
    | supabase._sync.client.SupabaseException: supabase_key is required
    +------------------------------------

During handling of the above exception, another exception occurred:

Traceback (most recent call last):
  File "/data/data/com.termux/files/usr/lib/python3.13/site-packages/uvicorn/protocols/http/httptools_impl.py", line 401, in run_asgi
    result = await app(  # type: ignore[func-returns-value]
             ^^^^^^^^^^^^^^^^^^^^^^^^^^^^^^^^^^^^^^^^^^^^^^
        self.scope, self.receive, self.send
        ^^^^^^^^^^^^^^^^^^^^^^^^^^^^^^^^^^^
    )
    ^
  File "/data/data/com.termux/files/usr/lib/python3.13/site-packages/uvicorn/middleware/proxy_headers.py", line 70, in __call__
    return await self.app(scope, receive, send)
           ^^^^^^^^^^^^^^^^^^^^^^^^^^^^^^^^^^^^
  File "/data/data/com.termux/files/usr/lib/python3.13/site-packages/fastapi/applications.py", line 1054, in __call__
    await super().__call__(scope, receive, send)
  File "/data/data/com.termux/files/usr/lib/python3.13/site-packages/starlette/applications.py", line 113, in __call__
    await self.middleware_stack(scope, receive, send)
  File "/data/data/com.termux/files/usr/lib/python3.13/site-packages/starlette/middleware/errors.py", line 187, in __call__
    raise exc
  File "/data/data/com.termux/files/usr/lib/python3.13/site-packages/starlette/middleware/errors.py", line 165, in __call__
    await self.app(scope, receive, _send)
  File "/data/data/com.termux/files/usr/lib/python3.13/site-packages/starlette/middleware/base.py", line 185, in __call__
    with collapse_excgroups():
         ~~~~~~~~~~~~~~~~~~^^
  File "/data/data/com.termux/files/usr/lib/python3.13/contextlib.py", line 162, in __exit__
    self.gen.throw(value)
    ~~~~~~~~~~~~~~^^^^^^^
  File "/data/data/com.termux/files/usr/lib/python3.13/site-packages/starlette/_utils.py", line 83, in collapse_excgroups
    raise exc
  File "/data/data/com.termux/files/usr/lib/python3.13/site-packages/starlette/middleware/base.py", line 187, in __call__
    response = await self.dispatch_func(request, call_next)
               ^^^^^^^^^^^^^^^^^^^^^^^^^^^^^^^^^^^^^^^^^^^^
  File "/data/data/com.termux/files/home/customs-tech/backend/app/main.py", line 25, in master_cors_middleware
    response = await call_next(request)
               ^^^^^^^^^^^^^^^^^^^^^^^^
  File "/data/data/com.termux/files/usr/lib/python3.13/site-packages/starlette/middleware/base.py", line 163, in call_next
    raise app_exc
  File "/data/data/com.termux/files/usr/lib/python3.13/site-packages/starlette/middleware/base.py", line 149, in coro
    await self.app(scope, receive_or_disconnect, send_no_error)
  File "/data/data/com.termux/files/usr/lib/python3.13/site-packages/starlette/middleware/exceptions.py", line 62, in __call__
    await wrap_app_handling_exceptions(self.app, conn)(scope, receive, send)
  File "/data/data/com.termux/files/usr/lib/python3.13/site-packages/starlette/_exception_handler.py", line 62, in wrapped_app
    raise exc
  File "/data/data/com.termux/files/usr/lib/python3.13/site-packages/starlette/_exception_handler.py", line 51, in wrapped_app
    await app(scope, receive, sender)
  File "/data/data/com.termux/files/usr/lib/python3.13/site-packages/starlette/routing.py", line 715, in __call__
    await self.middleware_stack(scope, receive, send)
  File "/data/data/com.termux/files/usr/lib/python3.13/site-packages/starlette/routing.py", line 735, in app
    await route.handle(scope, receive, send)
  File "/data/data/com.termux/files/usr/lib/python3.13/site-packages/starlette/routing.py", line 288, in handle
    await self.app(scope, receive, send)
  File "/data/data/com.termux/files/usr/lib/python3.13/site-packages/starlette/routing.py", line 76, in app
    await wrap_app_handling_exceptions(app, request)(scope, receive, send)
  File "/data/data/com.termux/files/usr/lib/python3.13/site-packages/starlette/_exception_handler.py", line 62, in wrapped_app
    raise exc
  File "/data/data/com.termux/files/usr/lib/python3.13/site-packages/starlette/_exception_handler.py", line 51, in wrapped_app
    await app(scope, receive, sender)
  File "/data/data/com.termux/files/usr/lib/python3.13/site-packages/starlette/routing.py", line 73, in app
    response = await f(request)
               ^^^^^^^^^^^^^^^^
  File "/data/data/com.termux/files/usr/lib/python3.13/site-packages/fastapi/routing.py", line 301, in app
    raw_response = await run_endpoint_function(
                   ^^^^^^^^^^^^^^^^^^^^^^^^^^^^
    ...<3 lines>...
    )
    ^
  File "/data/data/com.termux/files/usr/lib/python3.13/site-packages/fastapi/routing.py", line 214, in run_endpoint_function
    return await run_in_threadpool(dependant.call, **values)
           ^^^^^^^^^^^^^^^^^^^^^^^^^^^^^^^^^^^^^^^^^^^^^^^^^
  File "/data/data/com.termux/files/usr/lib/python3.13/site-packages/starlette/concurrency.py", line 39, in run_in_threadpool
    return await anyio.to_thread.run_sync(func, *args)
           ^^^^^^^^^^^^^^^^^^^^^^^^^^^^^^^^^^^^^^^^^^^
  File "/data/data/com.termux/files/usr/lib/python3.13/site-packages/anyio/to_thread.py", line 63, in run_sync
    return await get_async_backend().run_sync_in_worker_thread(
           ^^^^^^^^^^^^^^^^^^^^^^^^^^^^^^^^^^^^^^^^^^^^^^^^^^^^
        func, args, abandon_on_cancel=abandon_on_cancel, limiter=limiter
        ^^^^^^^^^^^^^^^^^^^^^^^^^^^^^^^^^^^^^^^^^^^^^^^^^^^^^^^^^^^^^^^^
    )
    ^
  File "/data/data/com.termux/files/usr/lib/python3.13/site-packages/anyio/_backends/_asyncio.py", line 2518, in run_sync_in_worker_thread
    return await future
           ^^^^^^^^^^^^
  File "/data/data/com.termux/files/usr/lib/python3.13/site-packages/anyio/_backends/_asyncio.py", line 1002, in run
    result = context.run(func, *args)
  File "/data/data/com.termux/files/home/customs-tech/backend/app/routers/tariff.py", line 9, in list_chapters
    sb = get_admin()
  File "/data/data/com.termux/files/home/customs-tech/backend/app/core/database.py", line 8, in get_admin
    return create_client(SUPABASE_URL, SUPABASE_SERVICE_KEY)
  File "/data/data/com.termux/files/usr/lib/python3.13/site-packages/supabase/_sync/client.py", line 335, in create_client
    return SyncClient.create(
           ~~~~~~~~~~~~~~~~~^
        supabase_url=supabase_url, supabase_key=supabase_key, options=options
        ^^^^^^^^^^^^^^^^^^^^^^^^^^^^^^^^^^^^^^^^^^^^^^^^^^^^^^^^^^^^^^^^^^^^^
    )
    ^
  File "/data/data/com.termux/files/usr/lib/python3.13/site-packages/supabase/_sync/client.py", line 102, in create
    client = cls(supabase_url, supabase_key, options)
  File "/data/data/com.termux/files/usr/lib/python3.13/site-packages/supabase/_sync/client.py", line 54, in __init__
    raise SupabaseException("supabase_key is required")
supabase._sync.client.SupabaseException: supabase_key is required
INFO:     127.0.0.1:38538 - "OPTIONS /api/tariff/codes?chapter=87&limit=80 HTTP/1.1" 200 OK
INFO:     127.0.0.1:38538 - "GET /api/tariff/codes?chapter=87&limit=80 HTTP/1.1" 500 Internal Server Error
ERROR:    Exception in ASGI application
  + Exception Group Traceback (most recent call last):
  |   File "/data/data/com.termux/files/usr/lib/python3.13/site-packages/starlette/_utils.py", line 77, in collapse_excgroups
  |     yield
  |   File "/data/data/com.termux/files/usr/lib/python3.13/site-packages/starlette/middleware/base.py", line 186, in __call__
  |     async with anyio.create_task_group() as task_group:
  |                ~~~~~~~~~~~~~~~~~~~~~~~^^
  |   File "/data/data/com.termux/files/usr/lib/python3.13/site-packages/anyio/_backends/_asyncio.py", line 799, in __aexit__
  |     raise BaseExceptionGroup(
  |         "unhandled errors in a TaskGroup", self._exceptions
  |     ) from None
  | ExceptionGroup: unhandled errors in a TaskGroup (1 sub-exception)
  +-+---------------- 1 ----------------
    | Traceback (most recent call last):
    |   File "/data/data/com.termux/files/usr/lib/python3.13/site-packages/uvicorn/protocols/http/httptools_impl.py", line 401, in run_asgi
    |     result = await app(  # type: ignore[func-returns-value]
    |              ^^^^^^^^^^^^^^^^^^^^^^^^^^^^^^^^^^^^^^^^^^^^^^
    |         self.scope, self.receive, self.send
    |         ^^^^^^^^^^^^^^^^^^^^^^^^^^^^^^^^^^^
    |     )
    |     ^
    |   File "/data/data/com.termux/files/usr/lib/python3.13/site-packages/uvicorn/middleware/proxy_headers.py", line 70, in __call__
    |     return await self.app(scope, receive, send)
    |            ^^^^^^^^^^^^^^^^^^^^^^^^^^^^^^^^^^^^
    |   File "/data/data/com.termux/files/usr/lib/python3.13/site-packages/fastapi/applications.py", line 1054, in __call__
    |     await super().__call__(scope, receive, send)
    |   File "/data/data/com.termux/files/usr/lib/python3.13/site-packages/starlette/applications.py", line 113, in __call__
    |     await self.middleware_stack(scope, receive, send)
    |   File "/data/data/com.termux/files/usr/lib/python3.13/site-packages/starlette/middleware/errors.py", line 187, in __call__
    |     raise exc
    |   File "/data/data/com.termux/files/usr/lib/python3.13/site-packages/starlette/middleware/errors.py", line 165, in __call__
    |     await self.app(scope, receive, _send)
    |   File "/data/data/com.termux/files/usr/lib/python3.13/site-packages/starlette/middleware/base.py", line 185, in __call__
    |     with collapse_excgroups():
    |          ~~~~~~~~~~~~~~~~~~^^
    |   File "/data/data/com.termux/files/usr/lib/python3.13/contextlib.py", line 162, in __exit__
    |     self.gen.throw(value)
    |     ~~~~~~~~~~~~~~^^^^^^^
    |   File "/data/data/com.termux/files/usr/lib/python3.13/site-packages/starlette/_utils.py", line 83, in collapse_excgroups
    |     raise exc
    |   File "/data/data/com.termux/files/usr/lib/python3.13/site-packages/starlette/middleware/base.py", line 187, in __call__
    |     response = await self.dispatch_func(request, call_next)
    |                ^^^^^^^^^^^^^^^^^^^^^^^^^^^^^^^^^^^^^^^^^^^^
    |   File "/data/data/com.termux/files/home/customs-tech/backend/app/main.py", line 25, in master_cors_middleware
    |     response = await call_next(request)
    |                ^^^^^^^^^^^^^^^^^^^^^^^^
    |   File "/data/data/com.termux/files/usr/lib/python3.13/site-packages/starlette/middleware/base.py", line 163, in call_next
    |     raise app_exc
    |   File "/data/data/com.termux/files/usr/lib/python3.13/site-packages/starlette/middleware/base.py", line 149, in coro
    |     await self.app(scope, receive_or_disconnect, send_no_error)
    |   File "/data/data/com.termux/files/usr/lib/python3.13/site-packages/starlette/middleware/exceptions.py", line 62, in __call__
    |     await wrap_app_handling_exceptions(self.app, conn)(scope, receive, send)
    |   File "/data/data/com.termux/files/usr/lib/python3.13/site-packages/starlette/_exception_handler.py", line 62, in wrapped_app
    |     raise exc
    |   File "/data/data/com.termux/files/usr/lib/python3.13/site-packages/starlette/_exception_handler.py", line 51, in wrapped_app
    |     await app(scope, receive, sender)
    |   File "/data/data/com.termux/files/usr/lib/python3.13/site-packages/starlette/routing.py", line 715, in __call__
    |     await self.middleware_stack(scope, receive, send)
    |   File "/data/data/com.termux/files/usr/lib/python3.13/site-packages/starlette/routing.py", line 735, in app
    |     await route.handle(scope, receive, send)
    |   File "/data/data/com.termux/files/usr/lib/python3.13/site-packages/starlette/routing.py", line 288, in handle
    |     await self.app(scope, receive, send)
    |   File "/data/data/com.termux/files/usr/lib/python3.13/site-packages/starlette/routing.py", line 76, in app
    |     await wrap_app_handling_exceptions(app, request)(scope, receive, send)
    |   File "/data/data/com.termux/files/usr/lib/python3.13/site-packages/starlette/_exception_handler.py", line 62, in wrapped_app
    |     raise exc
    |   File "/data/data/com.termux/files/usr/lib/python3.13/site-packages/starlette/_exception_handler.py", line 51, in wrapped_app
    |     await app(scope, receive, sender)
    |   File "/data/data/com.termux/files/usr/lib/python3.13/site-packages/starlette/routing.py", line 73, in app
    |     response = await f(request)
    |                ^^^^^^^^^^^^^^^^
    |   File "/data/data/com.termux/files/usr/lib/python3.13/site-packages/fastapi/routing.py", line 301, in app
    |     raw_response = await run_endpoint_function(
    |                    ^^^^^^^^^^^^^^^^^^^^^^^^^^^^
    |     ...<3 lines>...
    |     )
    |     ^
    |   File "/data/data/com.termux/files/usr/lib/python3.13/site-packages/fastapi/routing.py", line 214, in run_endpoint_function
    |     return await run_in_threadpool(dependant.call, **values)
    |            ^^^^^^^^^^^^^^^^^^^^^^^^^^^^^^^^^^^^^^^^^^^^^^^^^
    |   File "/data/data/com.termux/files/usr/lib/python3.13/site-packages/starlette/concurrency.py", line 39, in run_in_threadpool
    |     return await anyio.to_thread.run_sync(func, *args)
    |            ^^^^^^^^^^^^^^^^^^^^^^^^^^^^^^^^^^^^^^^^^^^
    |   File "/data/data/com.termux/files/usr/lib/python3.13/site-packages/anyio/to_thread.py", line 63, in run_sync
    |     return await get_async_backend().run_sync_in_worker_thread(
    |            ^^^^^^^^^^^^^^^^^^^^^^^^^^^^^^^^^^^^^^^^^^^^^^^^^^^^
    |         func, args, abandon_on_cancel=abandon_on_cancel, limiter=limiter
    |         ^^^^^^^^^^^^^^^^^^^^^^^^^^^^^^^^^^^^^^^^^^^^^^^^^^^^^^^^^^^^^^^^
    |     )
    |     ^
    |   File "/data/data/com.termux/files/usr/lib/python3.13/site-packages/anyio/_backends/_asyncio.py", line 2518, in run_sync_in_worker_thread
    |     return await future
    |            ^^^^^^^^^^^^
    |   File "/data/data/com.termux/files/usr/lib/python3.13/site-packages/anyio/_backends/_asyncio.py", line 1002, in run
    |     result = context.run(func, *args)
    |   File "/data/data/com.termux/files/home/customs-tech/backend/app/routers/tariff.py", line 23, in search_codes
    |     sb = get_admin()
    |   File "/data/data/com.termux/files/home/customs-tech/backend/app/core/database.py", line 8, in get_admin
    |     return create_client(SUPABASE_URL, SUPABASE_SERVICE_KEY)
    |   File "/data/data/com.termux/files/usr/lib/python3.13/site-packages/supabase/_sync/client.py", line 335, in create_client
    |     return SyncClient.create(
    |            ~~~~~~~~~~~~~~~~~^
    |         supabase_url=supabase_url, supabase_key=supabase_key, options=options
    |         ^^^^^^^^^^^^^^^^^^^^^^^^^^^^^^^^^^^^^^^^^^^^^^^^^^^^^^^^^^^^^^^^^^^^^
    |     )
    |     ^
    |   File "/data/data/com.termux/files/usr/lib/python3.13/site-packages/supabase/_sync/client.py", line 102, in create
    |     client = cls(supabase_url, supabase_key, options)
    |   File "/data/data/com.termux/files/usr/lib/python3.13/site-packages/supabase/_sync/client.py", line 54, in __init__
    |     raise SupabaseException("supabase_key is required")
    | supabase._sync.client.SupabaseException: supabase_key is required
    +------------------------------------

During handling of the above exception, another exception occurred:

Traceback (most recent call last):
  File "/data/data/com.termux/files/usr/lib/python3.13/site-packages/uvicorn/protocols/http/httptools_impl.py", line 401, in run_asgi
    result = await app(  # type: ignore[func-returns-value]
             ^^^^^^^^^^^^^^^^^^^^^^^^^^^^^^^^^^^^^^^^^^^^^^
        self.scope, self.receive, self.send
        ^^^^^^^^^^^^^^^^^^^^^^^^^^^^^^^^^^^
    )
    ^
  File "/data/data/com.termux/files/usr/lib/python3.13/site-packages/uvicorn/middleware/proxy_headers.py", line 70, in __call__
    return await self.app(scope, receive, send)
           ^^^^^^^^^^^^^^^^^^^^^^^^^^^^^^^^^^^^
  File "/data/data/com.termux/files/usr/lib/python3.13/site-packages/fastapi/applications.py", line 1054, in __call__
    await super().__call__(scope, receive, send)
  File "/data/data/com.termux/files/usr/lib/python3.13/site-packages/starlette/applications.py", line 113, in __call__
    await self.middleware_stack(scope, receive, send)
  File "/data/data/com.termux/files/usr/lib/python3.13/site-packages/starlette/middleware/errors.py", line 187, in __call__
    raise exc
  File "/data/data/com.termux/files/usr/lib/python3.13/site-packages/starlette/middleware/errors.py", line 165, in __call__
    await self.app(scope, receive, _send)
  File "/data/data/com.termux/files/usr/lib/python3.13/site-packages/starlette/middleware/base.py", line 185, in __call__
    with collapse_excgroups():
         ~~~~~~~~~~~~~~~~~~^^
  File "/data/data/com.termux/files/usr/lib/python3.13/contextlib.py", line 162, in __exit__
    self.gen.throw(value)
    ~~~~~~~~~~~~~~^^^^^^^
  File "/data/data/com.termux/files/usr/lib/python3.13/site-packages/starlette/_utils.py", line 83, in collapse_excgroups
    raise exc
  File "/data/data/com.termux/files/usr/lib/python3.13/site-packages/starlette/middleware/base.py", line 187, in __call__
    response = await self.dispatch_func(request, call_next)
               ^^^^^^^^^^^^^^^^^^^^^^^^^^^^^^^^^^^^^^^^^^^^
  File "/data/data/com.termux/files/home/customs-tech/backend/app/main.py", line 25, in master_cors_middleware
    response = await call_next(request)
               ^^^^^^^^^^^^^^^^^^^^^^^^
  File "/data/data/com.termux/files/usr/lib/python3.13/site-packages/starlette/middleware/base.py", line 163, in call_next
    raise app_exc
  File "/data/data/com.termux/files/usr/lib/python3.13/site-packages/starlette/middleware/base.py", line 149, in coro
    await self.app(scope, receive_or_disconnect, send_no_error)
  File "/data/data/com.termux/files/usr/lib/python3.13/site-packages/starlette/middleware/exceptions.py", line 62, in __call__
    await wrap_app_handling_exceptions(self.app, conn)(scope, receive, send)
  File "/data/data/com.termux/files/usr/lib/python3.13/site-packages/starlette/_exception_handler.py", line 62, in wrapped_app
    raise exc
  File "/data/data/com.termux/files/usr/lib/python3.13/site-packages/starlette/_exception_handler.py", line 51, in wrapped_app
    await app(scope, receive, sender)
  File "/data/data/com.termux/files/usr/lib/python3.13/site-packages/starlette/routing.py", line 715, in __call__
    await self.middleware_stack(scope, receive, send)
  File "/data/data/com.termux/files/usr/lib/python3.13/site-packages/starlette/routing.py", line 735, in app
    await route.handle(scope, receive, send)
  File "/data/data/com.termux/files/usr/lib/python3.13/site-packages/starlette/routing.py", line 288, in handle
    await self.app(scope, receive, send)
  File "/data/data/com.termux/files/usr/lib/python3.13/site-packages/starlette/routing.py", line 76, in app
    await wrap_app_handling_exceptions(app, request)(scope, receive, send)
  File "/data/data/com.termux/files/usr/lib/python3.13/site-packages/starlette/_exception_handler.py", line 62, in wrapped_app
    raise exc
  File "/data/data/com.termux/files/usr/lib/python3.13/site-packages/starlette/_exception_handler.py", line 51, in wrapped_app
    await app(scope, receive, sender)
  File "/data/data/com.termux/files/usr/lib/python3.13/site-packages/starlette/routing.py", line 73, in app
    response = await f(request)
               ^^^^^^^^^^^^^^^^
  File "/data/data/com.termux/files/usr/lib/python3.13/site-packages/fastapi/routing.py", line 301, in app
    raw_response = await run_endpoint_function(
                   ^^^^^^^^^^^^^^^^^^^^^^^^^^^^
    ...<3 lines>...
    )
    ^
  File "/data/data/com.termux/files/usr/lib/python3.13/site-packages/fastapi/routing.py", line 214, in run_endpoint_function
    return await run_in_threadpool(dependant.call, **values)
           ^^^^^^^^^^^^^^^^^^^^^^^^^^^^^^^^^^^^^^^^^^^^^^^^^
  File "/data/data/com.termux/files/usr/lib/python3.13/site-packages/starlette/concurrency.py", line 39, in run_in_threadpool
    return await anyio.to_thread.run_sync(func, *args)
           ^^^^^^^^^^^^^^^^^^^^^^^^^^^^^^^^^^^^^^^^^^^
  File "/data/data/com.termux/files/usr/lib/python3.13/site-packages/anyio/to_thread.py", line 63, in run_sync
    return await get_async_backend().run_sync_in_worker_thread(
           ^^^^^^^^^^^^^^^^^^^^^^^^^^^^^^^^^^^^^^^^^^^^^^^^^^^^
        func, args, abandon_on_cancel=abandon_on_cancel, limiter=limiter
        ^^^^^^^^^^^^^^^^^^^^^^^^^^^^^^^^^^^^^^^^^^^^^^^^^^^^^^^^^^^^^^^^
    )
    ^
  File "/data/data/com.termux/files/usr/lib/python3.13/site-packages/anyio/_backends/_asyncio.py", line 2518, in run_sync_in_worker_thread
    return await future
           ^^^^^^^^^^^^
  File "/data/data/com.termux/files/usr/lib/python3.13/site-packages/anyio/_backends/_asyncio.py", line 1002, in run
    result = context.run(func, *args)
  File "/data/data/com.termux/files/home/customs-tech/backend/app/routers/tariff.py", line 23, in search_codes
    sb = get_admin()
  File "/data/data/com.termux/files/home/customs-tech/backend/app/core/database.py", line 8, in get_admin
    return create_client(SUPABASE_URL, SUPABASE_SERVICE_KEY)
  File "/data/data/com.termux/files/usr/lib/python3.13/site-packages/supabase/_sync/client.py", line 335, in create_client
    return SyncClient.create(
           ~~~~~~~~~~~~~~~~~^
        supabase_url=supabase_url, supabase_key=supabase_key, options=options
        ^^^^^^^^^^^^^^^^^^^^^^^^^^^^^^^^^^^^^^^^^^^^^^^^^^^^^^^^^^^^^^^^^^^^^
    )
    ^
  File "/data/data/com.termux/files/usr/lib/python3.13/site-packages/supabase/_sync/client.py", line 102, in create
    client = cls(supabase_url, supabase_key, options)
  File "/data/data/com.termux/files/usr/lib/python3.13/site-packages/supabase/_sync/client.py", line 54, in __init__
    raise SupabaseException("supabase_key is required")
supabase._sync.client.SupabaseException: supabase_key is required
